#! /usr/bin/vvp
:ivl_version "11.0 (stable)";
:ivl_delay_selection "TYPICAL";
:vpi_time_precision + 0;
:vpi_module "/usr/lib/x86_64-linux-gnu/ivl/system.vpi";
:vpi_module "/usr/lib/x86_64-linux-gnu/ivl/vhdl_sys.vpi";
:vpi_module "/usr/lib/x86_64-linux-gnu/ivl/vhdl_textio.vpi";
:vpi_module "/usr/lib/x86_64-linux-gnu/ivl/v2005_math.vpi";
:vpi_module "/usr/lib/x86_64-linux-gnu/ivl/va_math.vpi";
S_0x55cf184aed90 .scope module, "full_adder" "full_adder" 2 1;
 .timescale 0 0;
    .port_info 0 /INPUT 1 "a";
    .port_info 1 /INPUT 1 "b";
    .port_info 2 /INPUT 1 "cin";
    .port_info 3 /OUTPUT 1 "sum";
    .port_info 4 /OUTPUT 1 "cout";
o0x7e39a6a9c108 .functor BUFZ 1, C4<z>; HiZ drive
o0x7e39a6a9c138 .functor BUFZ 1, C4<z>; HiZ drive
L_0x55cf184f7d60 .functor XOR 1, o0x7e39a6a9c108, o0x7e39a6a9c138, C4<0>, C4<0>;
o0x7e39a6a9c168 .functor BUFZ 1, C4<z>; HiZ drive
L_0x55cf184f7e50 .functor XOR 1, L_0x55cf184f7d60, o0x7e39a6a9c168, C4<0>, C4<0>;
L_0x55cf184f7ef0 .functor AND 1, o0x7e39a6a9c108, o0x7e39a6a9c138, C4<1>, C4<1>;
L_0x55cf184f8030 .functor AND 1, o0x7e39a6a9c138, o0x7e39a6a9c168, C4<1>, C4<1>;
L_0x55cf184f8120 .functor OR 1, L_0x55cf184f7ef0, L_0x55cf184f8030, C4<0>, C4<0>;
L_0x55cf184f8230 .functor AND 1, o0x7e39a6a9c168, o0x7e39a6a9c108, C4<1>, C4<1>;
L_0x55cf184f82e0 .functor OR 1, L_0x55cf184f8120, L_0x55cf184f8230, C4<0>, C4<0>;
v0x55cf184aefa0_0 .net *"_ivl_0", 0 0, L_0x55cf184f7d60;  1 drivers
v0x55cf184f7520_0 .net *"_ivl_10", 0 0, L_0x55cf184f8230;  1 drivers
v0x55cf184f7600_0 .net *"_ivl_4", 0 0, L_0x55cf184f7ef0;  1 drivers
v0x55cf184f76f0_0 .net *"_ivl_6", 0 0, L_0x55cf184f8030;  1 drivers
v0x55cf184f77d0_0 .net *"_ivl_8", 0 0, L_0x55cf184f8120;  1 drivers
v0x55cf184f7900_0 .net "a", 0 0, o0x7e39a6a9c108;  0 drivers
v0x55cf184f79c0_0 .net "b", 0 0, o0x7e39a6a9c138;  0 drivers
v0x55cf184f7a80_0 .net "cin", 0 0, o0x7e39a6a9c168;  0 drivers
v0x55cf184f7b40_0 .net "cout", 0 0, L_0x55cf184f82e0;  1 drivers
v0x55cf184f7c00_0 .net "sum", 0 0, L_0x55cf184f7e50;  1 drivers
# The file index is used to find the file name in the following table.
:file_names 3;
    "N/A";
    "<interactive>";
    "full_adder.v";
